<testsuites>
	<testsuite name="validation_framework.validators.tests.nuvla_operations.test_engine_reboot.TestEngineReboot-20221212170200" tests="1" file="validation_framework/validators/tests/nuvla_operations/test_engine_reboot.py" time="94.396" timestamp="2022-12-12T17:03:35" failures="1" errors="0" skipped="0">
		<testcase classname="validation_framework.validators.tests.nuvla_operations.test_engine_reboot.TestEngineReboot" name="test_engine_reboot" time="94.396">
			<failure type="AssertionError" message="False is not true">Traceback (most recent call last):
  File "/Users/nacho/PycharmProjects/nuvlaedge/devel/validation/validation_framework/validators/tests/nuvla_operations/test_engine_reboot.py", line 61, in test_engine_reboot
    self.assertTrue(int(up_time) &lt; 60)
AssertionError: False is not true
</failure>
			<system-out>~/.nuvlaedge_validation/engines/2.4.3/docker-compose.bluetooth.yml -f ~/.nuvlaedge_validation/engines/2.4.3/docker-compose.gpu.yml -f ~/.nuvlaedge_validation/engines/2.4.3/docker-compose.modbus.yml -f ~/.nuvlaedge_validation/engines/2.4.3/docker-compose.network.yml -f ~/.nuvlaedge_validation/engines/2.4.3/docker-compose.security.yml -f ~/.nuvlaedge_validation/engines/2.4.3/docker-compose.usb.yml -f ~/.nuvlaedge_validation/engines/2.4.3/docker-compose.yml
nohup docker-compose -p NuvlaEdge_Validator -f ~/.nuvlaedge_validation/engines/2.4.3/docker-compose.bluetooth.yml -f ~/.nuvlaedge_validation/engines/2.4.3/docker-compose.gpu.yml -f ~/.nuvlaedge_validation/engines/2.4.3/docker-compose.modbus.yml -f ~/.nuvlaedge_validation/engines/2.4.3/docker-compose.network.yml -f ~/.nuvlaedge_validation/engines/2.4.3/docker-compose.security.yml -f ~/.nuvlaedge_validation/engines/2.4.3/docker-compose.usb.yml -f ~/.nuvlaedge_validation/engines/2.4.3/docker-compose.yml up -d
'Uptime 6366.84\n'
</system-out>
		</testcase>
	</testsuite>
</testsuites>