<testsuites>
	<testsuite name="validation_framework.validators.tests.nuvla_operations.test_engine_reboot.TestEngineReboot-20221212142758" tests="1" file="validation_framework/validators/tests/nuvla_operations/test_engine_reboot.py" time="43.320" timestamp="2022-12-12T14:28:41" failures="0" errors="1" skipped="0">
		<testcase classname="validation_framework.validators.tests.nuvla_operations.test_engine_reboot.TestEngineReboot" name="test_engine_reboot" time="43.320">
			<error type="AttributeError" message="'dict' object has no attribute 'data'">Traceback (most recent call last):
  File "/Users/nacho/PycharmProjects/nuvlaedge/devel/validation/validation_framework/validators/tests/nuvla_operations/test_engine_reboot.py", line 53, in test_engine_reboot
    self.execute_reboot_operation()
  File "/Users/nacho/PycharmProjects/nuvlaedge/devel/validation/validation_framework/validators/tests/nuvla_operations/test_engine_reboot.py", line 20, in execute_reboot_operation
    pp(resp.data)
AttributeError: 'dict' object has no attribute 'data'
</error>
			<system-out>~/.nuvlaedge_validation/engines/2.4.3/docker-compose.bluetooth.yml -f ~/.nuvlaedge_validation/engines/2.4.3/docker-compose.gpu.yml -f ~/.nuvlaedge_validation/engines/2.4.3/docker-compose.modbus.yml -f ~/.nuvlaedge_validation/engines/2.4.3/docker-compose.network.yml -f ~/.nuvlaedge_validation/engines/2.4.3/docker-compose.security.yml -f ~/.nuvlaedge_validation/engines/2.4.3/docker-compose.usb.yml -f ~/.nuvlaedge_validation/engines/2.4.3/docker-compose.yml
nohup docker-compose -p NuvlaEdge_Validator -f ~/.nuvlaedge_validation/engines/2.4.3/docker-compose.bluetooth.yml -f ~/.nuvlaedge_validation/engines/2.4.3/docker-compose.gpu.yml -f ~/.nuvlaedge_validation/engines/2.4.3/docker-compose.modbus.yml -f ~/.nuvlaedge_validation/engines/2.4.3/docker-compose.network.yml -f ~/.nuvlaedge_validation/engines/2.4.3/docker-compose.security.yml -f ~/.nuvlaedge_validation/engines/2.4.3/docker-compose.usb.yml -f ~/.nuvlaedge_validation/engines/2.4.3/docker-compose.yml up -d
</system-out>
		</testcase>
	</testsuite>
</testsuites>